<?xml version="1.0" encoding="UTF-8"?><testrun name="TuneRecordingProcessorTest" project="TuneRecording" tests="3" started="3" failures="1" errors="0" ignored="0">
  <testsuite name="test.com.study.tune.main.TuneRecordingProcessorTest" time="0.344">
    <testsuite name="test.com.study.tune.util.InputFileReaderTest" time="0.329">
      <testcase name="readInputNegativeTest" classname="test.com.study.tune.util.InputFileReaderTest" time="0.329"/>
    </testsuite>
    <testsuite name="test.com.study.tune.action.TuneListPopulatorTest" time="0.009">
      <testcase name="populateTuneListGivenInputTest" classname="test.com.study.tune.action.TuneListPopulatorTest" time="0.009"/>
    </testsuite>
    <testsuite name="test.com.study.tune.action.TuneListGenreSorterTest" time="0.007">
      <testcase name="sortListAscTest" classname="test.com.study.tune.action.TuneListGenreSorterTest" time="0.007">
        <failure>java.lang.AssertionError: 
Expected: is &lt;[com.study.tune.entity.VocalTune@11c20519, com.study.tune.entity.ElectronicTune@70beb599, com.study.tune.entity.VocalTune@4e41089d, com.study.tune.entity.InstrumentalTune@32a068d1]&gt;
     but: was &lt;[com.study.tune.entity.InstrumentalTune@32a068d1, com.study.tune.entity.VocalTune@4e41089d, com.study.tune.entity.VocalTune@11c20519, com.study.tune.entity.ElectronicTune@70beb599]&gt;&#13;
	at org.hamcrest.MatcherAssert.assertThat(MatcherAssert.java:20)&#13;
	at org.hamcrest.MatcherAssert.assertThat(MatcherAssert.java:8)&#13;
	at test.com.study.tune.action.TuneListGenreSorterTest.sortListAscTest(TuneListGenreSorterTest.java:41)&#13;
	at sun.reflect.NativeMethodAccessorImpl.invoke0(Native Method)&#13;
	at sun.reflect.NativeMethodAccessorImpl.invoke(Unknown Source)&#13;
	at sun.reflect.DelegatingMethodAccessorImpl.invoke(Unknown Source)&#13;
	at java.lang.reflect.Method.invoke(Unknown Source)&#13;
	at org.junit.runners.model.FrameworkMethod$1.runReflectiveCall(FrameworkMethod.java:50)&#13;
	at org.junit.internal.runners.model.ReflectiveCallable.run(ReflectiveCallable.java:12)&#13;
	at org.junit.runners.model.FrameworkMethod.invokeExplosively(FrameworkMethod.java:47)&#13;
	at org.junit.internal.runners.statements.InvokeMethod.evaluate(InvokeMethod.java:17)&#13;
	at org.junit.internal.runners.statements.RunBefores.evaluate(RunBefores.java:26)&#13;
	at org.junit.runners.ParentRunner.runLeaf(ParentRunner.java:325)&#13;
	at org.junit.runners.BlockJUnit4ClassRunner.runChild(BlockJUnit4ClassRunner.java:78)&#13;
	at org.junit.runners.BlockJUnit4ClassRunner.runChild(BlockJUnit4ClassRunner.java:57)&#13;
	at org.junit.runners.ParentRunner$3.run(ParentRunner.java:290)&#13;
	at org.junit.runners.ParentRunner$1.schedule(ParentRunner.java:71)&#13;
	at org.junit.runners.ParentRunner.runChildren(ParentRunner.java:288)&#13;
	at org.junit.runners.ParentRunner.access$000(ParentRunner.java:58)&#13;
	at org.junit.runners.ParentRunner$2.evaluate(ParentRunner.java:268)&#13;
	at org.junit.runners.ParentRunner.run(ParentRunner.java:363)&#13;
	at org.junit.runners.Suite.runChild(Suite.java:128)&#13;
	at org.junit.runners.Suite.runChild(Suite.java:27)&#13;
	at org.junit.runners.ParentRunner$3.run(ParentRunner.java:290)&#13;
	at org.junit.runners.ParentRunner$1.schedule(ParentRunner.java:71)&#13;
	at org.junit.runners.ParentRunner.runChildren(ParentRunner.java:288)&#13;
	at org.junit.runners.ParentRunner.access$000(ParentRunner.java:58)&#13;
	at org.junit.runners.ParentRunner$2.evaluate(ParentRunner.java:268)&#13;
	at org.junit.runners.ParentRunner.run(ParentRunner.java:363)&#13;
	at org.eclipse.jdt.internal.junit4.runner.JUnit4TestReference.run(JUnit4TestReference.java:86)&#13;
	at org.eclipse.jdt.internal.junit.runner.TestExecution.run(TestExecution.java:38)&#13;
	at org.eclipse.jdt.internal.junit.runner.RemoteTestRunner.runTests(RemoteTestRunner.java:459)&#13;
	at org.eclipse.jdt.internal.junit.runner.RemoteTestRunner.runTests(RemoteTestRunner.java:678)&#13;
	at org.eclipse.jdt.internal.junit.runner.RemoteTestRunner.run(RemoteTestRunner.java:382)&#13;
	at org.eclipse.jdt.internal.junit.runner.RemoteTestRunner.main(RemoteTestRunner.java:192)&#13;
&#13;
</failure>
      </testcase>
    </testsuite>
  </testsuite>
</testrun>
