<?xml version="1.0" encoding="UTF-8"?><testrun name="TuneRecordingProcessorTest" project="TuneRecording" tests="6" started="6" failures="1" errors="0" ignored="0">
  <testsuite name="test.com.study.tune.main.TuneRecordingProcessorTest" time="0.394">
    <testsuite name="test.com.study.tune.util.InputFileReaderTest" time="0.328">
      <testcase name="readInputNegativeTest" classname="test.com.study.tune.util.InputFileReaderTest" time="0.328"/>
    </testsuite>
    <testsuite name="test.com.study.tune.action.TuneListPopulatorTest" time="0.01">
      <testcase name="populateTuneListGivenInputTest" classname="test.com.study.tune.action.TuneListPopulatorTest" time="0.01"/>
    </testsuite>
    <testsuite name="test.com.study.tune.action.TuneListGenreSorterTest" time="0.005">
      <testcase name="sortListAscTest" classname="test.com.study.tune.action.TuneListGenreSorterTest" time="0.005"/>
    </testsuite>
    <testsuite name="test.com.study.tune.util.TuneWithinDurationRangeFinderTest" time="0.048">
      <testcase name="findTuneListWithinGivenRangePositiveTest" classname="test.com.study.tune.util.TuneWithinDurationRangeFinderTest" time="0.046">
        <failure>java.lang.AssertionError: expected:&lt;5&gt; but was:&lt;15&gt;&#13;
	at org.junit.Assert.fail(Assert.java:88)&#13;
	at org.junit.Assert.failNotEquals(Assert.java:834)&#13;
	at org.junit.Assert.assertEquals(Assert.java:645)&#13;
	at org.junit.Assert.assertEquals(Assert.java:631)&#13;
	at test.com.study.tune.util.TuneWithinDurationRangeFinderTest.findTuneListWithinGivenRangePositiveTest(TuneWithinDurationRangeFinderTest.java:32)&#13;
	at sun.reflect.NativeMethodAccessorImpl.invoke0(Native Method)&#13;
	at sun.reflect.NativeMethodAccessorImpl.invoke(Unknown Source)&#13;
	at sun.reflect.DelegatingMethodAccessorImpl.invoke(Unknown Source)&#13;
	at java.lang.reflect.Method.invoke(Unknown Source)&#13;
	at org.junit.runners.model.FrameworkMethod$1.runReflectiveCall(FrameworkMethod.java:50)&#13;
	at org.junit.internal.runners.model.ReflectiveCallable.run(ReflectiveCallable.java:12)&#13;
	at org.junit.runners.model.FrameworkMethod.invokeExplosively(FrameworkMethod.java:47)&#13;
	at org.junit.internal.runners.statements.InvokeMethod.evaluate(InvokeMethod.java:17)&#13;
	at org.junit.internal.runners.statements.RunBefores.evaluate(RunBefores.java:26)&#13;
	at org.junit.runners.ParentRunner.runLeaf(ParentRunner.java:325)&#13;
	at org.junit.runners.BlockJUnit4ClassRunner.runChild(BlockJUnit4ClassRunner.java:78)&#13;
	at org.junit.runners.BlockJUnit4ClassRunner.runChild(BlockJUnit4ClassRunner.java:57)&#13;
	at org.junit.runners.ParentRunner$3.run(ParentRunner.java:290)&#13;
	at org.junit.runners.ParentRunner$1.schedule(ParentRunner.java:71)&#13;
	at org.junit.runners.ParentRunner.runChildren(ParentRunner.java:288)&#13;
	at org.junit.runners.ParentRunner.access$000(ParentRunner.java:58)&#13;
	at org.junit.runners.ParentRunner$2.evaluate(ParentRunner.java:268)&#13;
	at org.junit.runners.ParentRunner.run(ParentRunner.java:363)&#13;
	at org.junit.runners.Suite.runChild(Suite.java:128)&#13;
	at org.junit.runners.Suite.runChild(Suite.java:27)&#13;
	at org.junit.runners.ParentRunner$3.run(ParentRunner.java:290)&#13;
	at org.junit.runners.ParentRunner$1.schedule(ParentRunner.java:71)&#13;
	at org.junit.runners.ParentRunner.runChildren(ParentRunner.java:288)&#13;
	at org.junit.runners.ParentRunner.access$000(ParentRunner.java:58)&#13;
	at org.junit.runners.ParentRunner$2.evaluate(ParentRunner.java:268)&#13;
	at org.junit.runners.ParentRunner.run(ParentRunner.java:363)&#13;
	at org.eclipse.jdt.internal.junit4.runner.JUnit4TestReference.run(JUnit4TestReference.java:86)&#13;
	at org.eclipse.jdt.internal.junit.runner.TestExecution.run(TestExecution.java:38)&#13;
	at org.eclipse.jdt.internal.junit.runner.RemoteTestRunner.runTests(RemoteTestRunner.java:459)&#13;
	at org.eclipse.jdt.internal.junit.runner.RemoteTestRunner.runTests(RemoteTestRunner.java:678)&#13;
	at org.eclipse.jdt.internal.junit.runner.RemoteTestRunner.run(RemoteTestRunner.java:382)&#13;
	at org.eclipse.jdt.internal.junit.runner.RemoteTestRunner.main(RemoteTestRunner.java:192)&#13;
&#13;
</failure>
      </testcase>
      <testcase name="findTuneListWithinGivenRangeNegativeTest" classname="test.com.study.tune.util.TuneWithinDurationRangeFinderTest" time="0.002"/>
    </testsuite>
    <testsuite name="test.com.study.tune.action.ReportPrinterTest" time="0.003">
      <testcase name="printReportTest" classname="test.com.study.tune.action.ReportPrinterTest" time="0.003"/>
    </testsuite>
  </testsuite>
</testrun>
